current directory: /Users/AH/projects/protospace-40110/.gems/ruby/3.2.0/gems/date-3.3.4/ext/date
/Users/AH/.rbenv/versions/3.2.0/bin/ruby -I /Users/AH/.rbenv/versions/3.2.0/lib/ruby/3.2.0 extconf.rb
checking for rb_category_warn()... yes
checking for timezone in time.h with  -Werror... yes
checking for altzone in time.h with  -Werror... no
creating Makefile

current directory: /Users/AH/projects/protospace-40110/.gems/ruby/3.2.0/gems/date-3.3.4/ext/date
make DESTDIR\= sitearchdir\=./.gem.20240223-12248-jm7g3k sitelibdir\=./.gem.20240223-12248-jm7g3k clean

current directory: /Users/AH/projects/protospace-40110/.gems/ruby/3.2.0/gems/date-3.3.4/ext/date
make DESTDIR\= sitearchdir\=./.gem.20240223-12248-jm7g3k sitelibdir\=./.gem.20240223-12248-jm7g3k
compiling date_core.c
compiling date_parse.c
compiling date_strftime.c
compiling date_strptime.c
linking shared-object date_core.bundle
ld: warning: ignoring duplicate libraries: '-lruby.3.2'

current directory: /Users/AH/projects/protospace-40110/.gems/ruby/3.2.0/gems/date-3.3.4/ext/date
make DESTDIR\= sitearchdir\=./.gem.20240223-12248-jm7g3k sitelibdir\=./.gem.20240223-12248-jm7g3k install
/usr/bin/install -c -m 0755 date_core.bundle ./.gem.20240223-12248-jm7g3k

current directory: /Users/AH/projects/protospace-40110/.gems/ruby/3.2.0/gems/date-3.3.4/ext/date
make DESTDIR\= sitearchdir\=./.gem.20240223-12248-jm7g3k sitelibdir\=./.gem.20240223-12248-jm7g3k clean
