current directory: /Users/AH/projects/protospace-40110/.gems/ruby/3.2.0/gems/bcrypt-3.1.20/ext/mri
/Users/AH/.rbenv/versions/3.2.0/bin/ruby -I /Users/AH/.rbenv/versions/3.2.0/lib/ruby/3.2.0 extconf.rb
creating Makefile

current directory: /Users/AH/projects/protospace-40110/.gems/ruby/3.2.0/gems/bcrypt-3.1.20/ext/mri
make DESTDIR\= sitearchdir\=./.gem.20240223-12248-g0nf6n sitelibdir\=./.gem.20240223-12248-g0nf6n clean

current directory: /Users/AH/projects/protospace-40110/.gems/ruby/3.2.0/gems/bcrypt-3.1.20/ext/mri
make DESTDIR\= sitearchdir\=./.gem.20240223-12248-g0nf6n sitelibdir\=./.gem.20240223-12248-g0nf6n
compiling bcrypt_ext.c
bcrypt_ext.c:41:38: warning: implicit conversion loses integer precision: 'long' to 'int' [-Wshorten-64-to-32]
    args.size   = NIL_P(input) ? 0 : RSTRING_LEN(input);
                ~                    ^~~~~~~~~~~~~~~~~~
/Users/AH/.rbenv/versions/3.2.0/include/ruby-3.2.0/ruby/internal/core/rstring.h:52:27: note: expanded from macro 'RSTRING_LEN'
#define RSTRING_LEN       RSTRING_LEN
                          ^
1 warning generated.
compiling crypt_blowfish.c
clang  -D__SKIP_GNU -I/usr/local/opt/gmp/include -D_XOPEN_SOURCE -D_DARWIN_C_SOURCE -D_DARWIN_UNLIMITED_SELECT -D_REENTRANT    -c -o x86.o x86.S
compiling crypt_gensalt.c
compiling wrapper.c
wrapper.c:182:60: warning: declaration of 'struct crypt_data' will not be visible outside of this function [-Wvisibility]
char *crypt_r(const char *key, const char *setting, struct crypt_data *data)
                                                           ^
1 warning generated.
linking shared-object bcrypt_ext.bundle
ld: warning: ignoring duplicate libraries: '-lruby.3.2'

current directory: /Users/AH/projects/protospace-40110/.gems/ruby/3.2.0/gems/bcrypt-3.1.20/ext/mri
make DESTDIR\= sitearchdir\=./.gem.20240223-12248-g0nf6n sitelibdir\=./.gem.20240223-12248-g0nf6n install
/usr/bin/install -c -m 0755 bcrypt_ext.bundle ./.gem.20240223-12248-g0nf6n

current directory: /Users/AH/projects/protospace-40110/.gems/ruby/3.2.0/gems/bcrypt-3.1.20/ext/mri
make DESTDIR\= sitearchdir\=./.gem.20240223-12248-g0nf6n sitelibdir\=./.gem.20240223-12248-g0nf6n clean
