current directory: /Users/AH/projects/protospace-40110/.gems/ruby/3.2.0/gems/psych-5.1.2/ext/psych
/Users/AH/.rbenv/versions/3.2.0/bin/ruby -I /Users/AH/.rbenv/versions/3.2.0/lib/ruby/3.2.0 extconf.rb
checking for yaml.h... yes
checking for yaml_get_version() in -lyaml... yes
creating Makefile

current directory: /Users/AH/projects/protospace-40110/.gems/ruby/3.2.0/gems/psych-5.1.2/ext/psych
make DESTDIR\= sitearchdir\=./.gem.20240223-27634-f3ocrs sitelibdir\=./.gem.20240223-27634-f3ocrs clean
cd libyaml && /Library/Developer/CommandLineTools/usr/bin/make clean
/bin/sh: line 0: cd: libyaml: No such file or directory
make: [clean-so] Error 1 (ignored)

current directory: /Users/AH/projects/protospace-40110/.gems/ruby/3.2.0/gems/psych-5.1.2/ext/psych
make DESTDIR\= sitearchdir\=./.gem.20240223-27634-f3ocrs sitelibdir\=./.gem.20240223-27634-f3ocrs
compiling psych.c
compiling psych_emitter.c
compiling psych_parser.c
compiling psych_to_ruby.c
compiling psych_yaml_tree.c
linking shared-object psych.bundle
ld: warning: ignoring duplicate libraries: '-lruby.3.2', '-lyaml'

current directory: /Users/AH/projects/protospace-40110/.gems/ruby/3.2.0/gems/psych-5.1.2/ext/psych
make DESTDIR\= sitearchdir\=./.gem.20240223-27634-f3ocrs sitelibdir\=./.gem.20240223-27634-f3ocrs install
/usr/bin/install -c -m 0755 psych.bundle ./.gem.20240223-27634-f3ocrs

current directory: /Users/AH/projects/protospace-40110/.gems/ruby/3.2.0/gems/psych-5.1.2/ext/psych
make DESTDIR\= sitearchdir\=./.gem.20240223-27634-f3ocrs sitelibdir\=./.gem.20240223-27634-f3ocrs clean
cd libyaml && /Library/Developer/CommandLineTools/usr/bin/make clean
/bin/sh: line 0: cd: libyaml: No such file or directory
make: [clean-so] Error 1 (ignored)
