current directory: /Users/AH/projects/protospace-40110/.gems/ruby/3.2.0/gems/io-console-0.7.2/ext/io/console
/Users/AH/.rbenv/versions/3.2.0/bin/ruby -I /Users/AH/.rbenv/versions/3.2.0/lib/ruby/3.2.0 extconf.rb
checking for rb_io_path()... no
checking for rb_io_descriptor()... yes
checking for rb_io_get_write_io()... yes
checking for rb_io_closed_p()... no
checking for rb_io_open_descriptor()... no
checking for termios.h... yes
checking for cfmakeraw() in termios.h... yes
checking for sys/ioctl.h... yes
checking for HAVE_RUBY_FIBER_SCHEDULER_H... yes
creating Makefile

current directory: /Users/AH/projects/protospace-40110/.gems/ruby/3.2.0/gems/io-console-0.7.2/ext/io/console
make DESTDIR\= sitearchdir\=./.gem.20240223-12248-f5gx6f sitelibdir\=./.gem.20240223-12248-f5gx6f clean

current directory: /Users/AH/projects/protospace-40110/.gems/ruby/3.2.0/gems/io-console-0.7.2/ext/io/console
make DESTDIR\= sitearchdir\=./.gem.20240223-12248-f5gx6f sitelibdir\=./.gem.20240223-12248-f5gx6f
compiling console.c
linking shared-object io/console.bundle
ld: warning: ignoring duplicate libraries: '-lruby.3.2'

current directory: /Users/AH/projects/protospace-40110/.gems/ruby/3.2.0/gems/io-console-0.7.2/ext/io/console
make DESTDIR\= sitearchdir\=./.gem.20240223-12248-f5gx6f sitelibdir\=./.gem.20240223-12248-f5gx6f install
/usr/bin/install -c -m 0755 console.bundle ./.gem.20240223-12248-f5gx6f/io

current directory: /Users/AH/projects/protospace-40110/.gems/ruby/3.2.0/gems/io-console-0.7.2/ext/io/console
make DESTDIR\= sitearchdir\=./.gem.20240223-12248-f5gx6f sitelibdir\=./.gem.20240223-12248-f5gx6f clean
